app/build/outputs/logs/manifest-merger-debug-report.txt
-- Merging decision tree log ---
manifest
ADDED from AndroidManifest.xml:2:1
	xmlns:android
		ADDED from AndroidManifest.xml:2:11
	package
		ADDED from AndroidManifest.xml:3:7
		INJECTED from AndroidManifest.xml:0:0
		INJECTED from AndroidManifest.xml:0:0
	android:versionName
		ADDED from AndroidManifest.xml:5:7
	android:versionCode
		ADDED from AndroidManifest.xml:4:7
		INJECTED from AndroidManifest.xml:0:0
		INJECTED from AndroidManifest.xml:0:0
uses-sdk
ADDED from AndroidManifest.xml:7:5
MERGED from com.android.support:support-v4:21.0.0:15:5
	android:targetSdkVersion
		ADDED from AndroidManifest.xml:7:41
		INJECTED from AndroidManifest.xml:0:0
		INJECTED from AndroidManifest.xml:0:0
	android:minSdkVersion
		ADDED from AndroidManifest.xml:7:15
		INJECTED from AndroidManifest.xml:0:0
		INJECTED from AndroidManifest.xml:0:0
uses-permission#android.permission.RECEIVE_BOOT_COMPLETED
ADDED from AndroidManifest.xml:9:5
	android:name
		ADDED from AndroidManifest.xml:9:22
uses-permission#android.permission.READ_PHONE_STATE
ADDED from AndroidManifest.xml:10:5
	android:name
		ADDED from AndroidManifest.xml:10:22
uses-permission#android.permission.ACCESS_WIFI_STATE
ADDED from AndroidManifest.xml:11:5
	android:name
		ADDED from AndroidManifest.xml:11:22
uses-permission#android.permission.INTERNET
ADDED from AndroidManifest.xml:12:5
	android:name
		ADDED from AndroidManifest.xml:12:22
uses-permission#android.permission.WAKE_LOCK
ADDED from AndroidManifest.xml:13:5
	android:name
		ADDED from AndroidManifest.xml:13:22
uses-permission#android.permission.WRITE_SECURE_SETTINGS
ADDED from AndroidManifest.xml:14:5
	android:name
		ADDED from AndroidManifest.xml:14:22
uses-permission#android.permission.WRITE_SYNC_SETTINGS
ADDED from AndroidManifest.xml:15:5
	android:name
		ADDED from AndroidManifest.xml:15:22
uses-permission#android.permission.READ_SYNC_SETTINGS
ADDED from AndroidManifest.xml:16:5
	android:name
		ADDED from AndroidManifest.xml:16:22
uses-permission#android.permission.WRITE_SETTINGS
ADDED from AndroidManifest.xml:17:5
	android:name
		ADDED from AndroidManifest.xml:17:22
uses-permission#android.permission.WRITE_APN_SETTINGS
ADDED from AndroidManifest.xml:18:5
	android:name
		ADDED from AndroidManifest.xml:18:22
uses-permission#android.permission.ACCESS_NETWORK_STATE
ADDED from AndroidManifest.xml:19:5
	android:name
		ADDED from AndroidManifest.xml:19:22
uses-permission#android.permission.CHANGE_NETWORK_STATE
ADDED from AndroidManifest.xml:20:5
	android:name
		ADDED from AndroidManifest.xml:20:22
uses-permission#android.permission.CHANGE_BACKGROUND_DATA_SETTING
ADDED from AndroidManifest.xml:21:5
	android:name
		ADDED from AndroidManifest.xml:21:22
uses-permission#android.permission.MODIFY_PHONE_STATE
ADDED from AndroidManifest.xml:22:5
	android:name
		ADDED from AndroidManifest.xml:22:22
application
ADDED from AndroidManifest.xml:24:5
MERGED from com.android.support:support-v4:21.0.0:16:5
	android:label
		ADDED from AndroidManifest.xml:24:56
	android:allowBackup
		ADDED from AndroidManifest.xml:25:9
	android:icon
		ADDED from AndroidManifest.xml:24:18
activity#edu.ucla.cens.Updater.AppList
ADDED from AndroidManifest.xml:29:6
	android:name
		ADDED from AndroidManifest.xml:29:16
intent-filter#android.intent.action.MAIN+android.intent.category.LAUNCHER
ADDED from AndroidManifest.xml:30:7
action#android.intent.action.MAIN
ADDED from AndroidManifest.xml:31:11
	android:name
		ADDED from AndroidManifest.xml:31:19
category#android.intent.category.LAUNCHER
ADDED from AndroidManifest.xml:32:11
	android:name
		ADDED from AndroidManifest.xml:32:21
activity#edu.ucla.cens.Updater.Installer1
ADDED from AndroidManifest.xml:36:3
	android:name
		ADDED from AndroidManifest.xml:36:13
activity#edu.ucla.cens.Updater.CustomPreferenceActivity
ADDED from AndroidManifest.xml:38:9
	android:name
		ADDED from AndroidManifest.xml:38:19
activity#edu.ucla.cens.Updater.StatusActivity
ADDED from AndroidManifest.xml:40:9
	android:name
		ADDED from AndroidManifest.xml:40:19
receiver#edu.ucla.cens.Updater.UpdateReceiver
ADDED from AndroidManifest.xml:43:3
	android:name
		ADDED from AndroidManifest.xml:43:13
intent-filter#android.intent.action.BOOT_COMPLETED+edu.ucla.cens.Updater.Reset+edu.ucla.cens.Updater.Update
ADDED from AndroidManifest.xml:44:13
action#android.intent.action.BOOT_COMPLETED
ADDED from AndroidManifest.xml:45:5
	android:name
		ADDED from AndroidManifest.xml:45:13
action#edu.ucla.cens.Updater.Update
ADDED from AndroidManifest.xml:46:5
	android:name
		ADDED from AndroidManifest.xml:46:13
action#edu.ucla.cens.Updater.Reset
ADDED from AndroidManifest.xml:47:5
	android:name
		ADDED from AndroidManifest.xml:47:13
receiver#edu.ucla.cens.Updater.InstallationEchoer
ADDED from AndroidManifest.xml:51:3
	android:name
		ADDED from AndroidManifest.xml:51:13
intent-filter#android.intent.action.PACKAGE_ADDED
ADDED from AndroidManifest.xml:52:7
action#android.intent.action.PACKAGE_ADDED
ADDED from AndroidManifest.xml:53:11
	android:name
		ADDED from AndroidManifest.xml:53:19
data
ADDED from AndroidManifest.xml:54:11
	android:scheme
		ADDED from AndroidManifest.xml:54:17